{"/Users/olav/Documents/skole/kristiania/4_semester/webutvikling/exam/src/client/data.jsx": {"path":"/Users/olav/Documents/skole/kristiania/4_semester/webutvikling/exam/src/client/data.jsx","statementMap":{"0":{"start":{"line":1,"column":0},"end":{"line":null,"column":-1}},"1":{"start":{"line":7,"column":8},"end":{"line":null,"column":-1}},"2":{"start":{"line":5,"column":23},"end":{"line":null,"column":-1}},"3":{"start":{"line":14,"column":8},"end":{"line":null,"column":-1}},"4":{"start":{"line":19,"column":25},"end":{"line":19,"column":8}},"5":{"start":{"line":20,"column":21},"end":{"line":20,"column":8}},"6":{"start":{"line":22,"column":8},"end":{"line":null,"column":-1}},"7":{"start":{"line":28,"column":8},"end":{"line":5,"column":23}},"8":{"start":{"line":29,"column":12},"end":{"line":28,"column":8}},"9":{"start":{"line":8,"column":8},"end":{"line":null,"column":-1}},"10":{"start":{"line":37,"column":8},"end":{"line":null,"column":-1}}},"fnMap":{"0":{"name":"(anonymous_1)","decl":{"start":{"line":5,"column":4},"end":{"line":5,"column":15}},"loc":{"start":{"line":5,"column":23},"end":{"line":11,"column":5}}},"1":{"name":"(anonymous_2)","decl":{"start":{"line":13,"column":24},"end":{"line":13,"column":29}},"loc":{"start":{"line":13,"column":30},"end":{"line":5,"column":23}}},"2":{"name":"(anonymous_3)","decl":{"start":{"line":17,"column":17},"end":{"line":17,"column":28}},"loc":{"start":{"line":17,"column":29},"end":{"line":5,"column":23}}},"3":{"name":"(anonymous_4)","decl":{"start":{"line":27,"column":17},"end":{"line":28,"column":7}},"loc":{"start":{"line":28,"column":8},"end":{"line":5,"column":23}}},"4":{"name":"(anonymous_5)","decl":{"start":{"line":28,"column":28},"end":{"line":29,"column":11}},"loc":{"start":{"line":29,"column":12},"end":{"line":28,"column":8}}},"5":{"name":"(anonymous_6)","decl":{"start":{"line":36,"column":4},"end":{"line":36,"column":12}},"loc":{"start":{"line":36,"column":13},"end":{"line":52,"column":5}}}},"branchMap":{"0":{"loc":{"start":{"line":32,"column":37},"end":{"line":32,"column":22}},"type":"cond-expr","locations":[{"start":{"line":32,"column":37},"end":{"line":32,"column":22}},{"start":{"line":32,"column":49},"end":{"line":null,"column":-1}}]}},"s":{"0":0,"1":0,"2":0,"3":0,"4":0,"5":0,"6":0,"7":0,"8":0,"9":0,"10":0},"f":{"0":0,"1":0,"2":0,"3":0,"4":0,"5":0},"b":{"0":[0,0]}}
,"/Users/olav/Documents/skole/kristiania/4_semester/webutvikling/exam/src/client/home.jsx": {"path":"/Users/olav/Documents/skole/kristiania/4_semester/webutvikling/exam/src/client/home.jsx","statementMap":{"0":{"start":{"line":7,"column":8},"end":{"line":7,"column":21}},"1":{"start":{"line":12,"column":25},"end":{"line":12,"column":53}},"2":{"start":{"line":14,"column":8},"end":{"line":21,"column":14}}},"fnMap":{"0":{"name":"(anonymous_0)","decl":{"start":{"line":6,"column":4},"end":{"line":6,"column":5}},"loc":{"start":{"line":6,"column":23},"end":{"line":8,"column":5}},"line":6},"1":{"name":"(anonymous_1)","decl":{"start":{"line":10,"column":4},"end":{"line":10,"column":5}},"loc":{"start":{"line":10,"column":13},"end":{"line":22,"column":5}},"line":10}},"branchMap":{"0":{"loc":{"start":{"line":16,"column":13},"end":{"line":20,"column":63}},"type":"cond-expr","locations":[{"start":{"line":17,"column":16},"end":{"line":19,"column":23}},{"start":{"line":20,"column":16},"end":{"line":20,"column":63}}],"line":16}},"s":{"0":2,"1":2,"2":2},"f":{"0":2,"1":2},"b":{"0":[2,0]},"_coverageSchema":"332fd63041d2c1bcb487cc26dd0d5f7d97098a6c","hash":"2fa1174aafa2cad512ab3ae22137be6b835c1671"}
,"/Users/olav/Documents/skole/kristiania/4_semester/webutvikling/exam/src/client/index.jsx": {"path":"/Users/olav/Documents/skole/kristiania/4_semester/webutvikling/exam/src/client/index.jsx","statementMap":{"0":{"start":{"line":7,"column":0},"end":{"line":null,"column":-1}},"1":{"start":{"line":8,"column":0},"end":{"line":null,"column":-1}},"2":{"start":{"line":9,"column":0},"end":{"line":null,"column":-1}},"3":{"start":{"line":11,"column":0},"end":{"line":null,"column":-1}},"4":{"start":{"line":12,"column":0},"end":{"line":null,"column":-1}},"5":{"start":{"line":13,"column":0},"end":{"line":null,"column":-1}},"6":{"start":{"line":14,"column":0},"end":{"line":null,"column":-1}},"7":{"start":{"line":15,"column":0},"end":{"line":null,"column":-1}},"8":{"start":{"line":16,"column":0},"end":{"line":null,"column":-1}},"9":{"start":{"line":22,"column":8},"end":{"line":null,"column":-1}},"10":{"start":{"line":21,"column":23},"end":{"line":null,"column":-1}},"11":{"start":{"line":24,"column":8},"end":{"line":null,"column":-1}},"12":{"start":{"line":52,"column":8},"end":{"line":null,"column":-1}},"13":{"start":{"line":32,"column":8},"end":{"line":null,"column":-1}},"14":{"start":{"line":39,"column":8},"end":{"line":null,"column":-1}},"15":{"start":{"line":41,"column":16},"end":{"line":null,"column":-1}},"16":{"start":{"line":69,"column":0},"end":{"line":null,"column":-1}}},"fnMap":{"0":{"name":"(anonymous_2)","decl":{"start":{"line":21,"column":4},"end":{"line":21,"column":15}},"loc":{"start":{"line":21,"column":23},"end":{"line":28,"column":5}}},"1":{"name":"(anonymous_3)","decl":{"start":{"line":50,"column":4},"end":{"line":50,"column":12}},"loc":{"start":{"line":50,"column":13},"end":{"line":66,"column":5}}},"2":{"name":"(anonymous_7)","decl":{"start":{"line":40,"column":21},"end":{"line":41,"column":15}},"loc":{"start":{"line":41,"column":16},"end":{"line":null,"column":-1}}}},"branchMap":{},"s":{"0":0,"1":0,"2":0,"3":0,"4":0,"5":0,"6":0,"7":0,"8":0,"9":0,"10":0,"11":0,"12":0,"13":0,"14":0,"15":0,"16":0},"f":{"0":0,"1":0,"2":0},"b":{}}
,"/Users/olav/Documents/skole/kristiania/4_semester/webutvikling/exam/src/client/notFound.jsx": {"path":"/Users/olav/Documents/skole/kristiania/4_semester/webutvikling/exam/src/client/notFound.jsx","statementMap":{"0":{"start":{"line":1,"column":0},"end":{"line":null,"column":-1}},"1":{"start":{"line":2,"column":0},"end":{"line":null,"column":-1}},"2":{"start":{"line":3,"column":0},"end":{"line":null,"column":-1}},"3":{"start":{"line":8,"column":8},"end":{"line":null,"column":-1}}},"fnMap":{"0":{"name":"(anonymous_1)","decl":{"start":{"line":7,"column":4},"end":{"line":7,"column":12}},"loc":{"start":{"line":7,"column":13},"end":{"line":14,"column":5}}}},"branchMap":{},"s":{"0":0,"1":0,"2":0,"3":0},"f":{"0":0},"b":{}}
,"/Users/olav/Documents/skole/kristiania/4_semester/webutvikling/exam/src/client/authentication/login.jsx": {"path":"/Users/olav/Documents/skole/kristiania/4_semester/webutvikling/exam/src/client/authentication/login.jsx","statementMap":{"0":{"start":{"line":6,"column":0},"end":{"line":null,"column":-1}},"1":{"start":{"line":12,"column":8},"end":{"line":null,"column":-1}},"2":{"start":{"line":10,"column":23},"end":{"line":null,"column":-1}},"3":{"start":{"line":22,"column":8},"end":{"line":null,"column":-1}},"4":{"start":{"line":29,"column":8},"end":{"line":null,"column":-1}},"5":{"start":{"line":36,"column":39},"end":{"line":36,"column":8}},"6":{"start":{"line":37,"column":20},"end":{"line":37,"column":8}},"7":{"start":{"line":39,"column":24},"end":{"line":39,"column":8}},"8":{"start":{"line":43,"column":8},"end":{"line":54,"column":9}},"9":{"start":{"line":44,"column":12},"end":{"line":null,"column":-1}},"10":{"start":{"line":52,"column":12},"end":{"line":null,"column":-1}},"11":{"start":{"line":53,"column":12},"end":{"line":null,"column":-1}},"12":{"start":{"line":56,"column":8},"end":{"line":59,"column":9}},"13":{"start":{"line":57,"column":12},"end":{"line":null,"column":-1}},"14":{"start":{"line":58,"column":12},"end":{"line":null,"column":-1}},"15":{"start":{"line":61,"column":8},"end":{"line":67,"column":9}},"16":{"start":{"line":62,"column":12},"end":{"line":null,"column":-1}},"17":{"start":{"line":66,"column":12},"end":{"line":null,"column":-1}},"18":{"start":{"line":69,"column":8},"end":{"line":null,"column":-1}},"19":{"start":{"line":70,"column":8},"end":{"line":null,"column":-1}},"20":{"start":{"line":71,"column":8},"end":{"line":null,"column":-1}},"21":{"start":{"line":13,"column":8},"end":{"line":null,"column":-1}},"22":{"start":{"line":76,"column":27},"end":{"line":76,"column":8}},"23":{"start":{"line":77,"column":8},"end":{"line":81,"column":9}},"24":{"start":{"line":78,"column":12},"end":{"line":null,"column":-1}},"25":{"start":{"line":83,"column":8},"end":{"line":null,"column":-1}}},"fnMap":{"0":{"name":"(anonymous_1)","decl":{"start":{"line":10,"column":4},"end":{"line":10,"column":15}},"loc":{"start":{"line":10,"column":23},"end":{"line":18,"column":5}}},"1":{"name":"(anonymous_2)","decl":{"start":{"line":20,"column":23},"end":{"line":20,"column":21}},"loc":{"start":{"line":20,"column":33},"end":{"line":10,"column":23}}},"2":{"name":"(anonymous_3)","decl":{"start":{"line":27,"column":23},"end":{"line":27,"column":21}},"loc":{"start":{"line":27,"column":33},"end":{"line":10,"column":23}}},"3":{"name":"(anonymous_4)","decl":{"start":{"line":34,"column":12},"end":{"line":34,"column":23}},"loc":{"start":{"line":34,"column":24},"end":{"line":10,"column":23}}},"4":{"name":"(anonymous_5)","decl":{"start":{"line":74,"column":4},"end":{"line":74,"column":12}},"loc":{"start":{"line":74,"column":13},"end":{"line":101,"column":5}}}},"branchMap":{"0":{"loc":{"start":{"line":56,"column":8},"end":{"line":59,"column":9}},"type":"if","locations":[{"start":{"line":56,"column":8},"end":{"line":59,"column":9}},{"start":{"line":56,"column":8},"end":{"line":59,"column":9}}]},"1":{"loc":{"start":{"line":61,"column":8},"end":{"line":67,"column":9}},"type":"if","locations":[{"start":{"line":61,"column":8},"end":{"line":67,"column":9}},{"start":{"line":61,"column":8},"end":{"line":67,"column":9}}]},"2":{"loc":{"start":{"line":77,"column":8},"end":{"line":81,"column":9}},"type":"if","locations":[{"start":{"line":77,"column":8},"end":{"line":81,"column":9}},{"start":{"line":77,"column":8},"end":{"line":81,"column":9}}]}},"s":{"0":0,"1":0,"2":0,"3":0,"4":0,"5":0,"6":0,"7":0,"8":0,"9":0,"10":0,"11":0,"12":0,"13":0,"14":0,"15":0,"16":0,"17":0,"18":0,"19":0,"20":0,"21":0,"22":0,"23":0,"24":0,"25":0},"f":{"0":0,"1":0,"2":0,"3":0,"4":0},"b":{"0":[0,0],"1":[0,0],"2":[0,0]}}
,"/Users/olav/Documents/skole/kristiania/4_semester/webutvikling/exam/src/client/authentication/signup.jsx": {"path":"/Users/olav/Documents/skole/kristiania/4_semester/webutvikling/exam/src/client/authentication/signup.jsx","statementMap":{"0":{"start":{"line":6,"column":0},"end":{"line":null,"column":-1}},"1":{"start":{"line":12,"column":8},"end":{"line":null,"column":-1}},"2":{"start":{"line":10,"column":23},"end":{"line":null,"column":-1}},"3":{"start":{"line":24,"column":8},"end":{"line":null,"column":-1}},"4":{"start":{"line":31,"column":8},"end":{"line":null,"column":-1}},"5":{"start":{"line":38,"column":8},"end":{"line":null,"column":-1}},"6":{"start":{"line":44,"column":8},"end":{"line":10,"column":23}},"7":{"start":{"line":48,"column":55},"end":{"line":48,"column":8}},"8":{"start":{"line":50,"column":8},"end":{"line":null,"column":-1}},"9":{"start":{"line":51,"column":8},"end":{"line":54,"column":9}},"10":{"start":{"line":52,"column":12},"end":{"line":null,"column":-1}},"11":{"start":{"line":53,"column":12},"end":{"line":null,"column":-1}},"12":{"start":{"line":56,"column":20},"end":{"line":56,"column":8}},"13":{"start":{"line":57,"column":24},"end":{"line":57,"column":8}},"14":{"start":{"line":61,"column":8},"end":{"line":75,"column":9}},"15":{"start":{"line":62,"column":12},"end":{"line":null,"column":-1}},"16":{"start":{"line":70,"column":12},"end":{"line":null,"column":-1}},"17":{"start":{"line":73,"column":12},"end":{"line":null,"column":-1}},"18":{"start":{"line":74,"column":12},"end":{"line":null,"column":-1}},"19":{"start":{"line":78,"column":8},"end":{"line":81,"column":9}},"20":{"start":{"line":79,"column":12},"end":{"line":null,"column":-1}},"21":{"start":{"line":80,"column":12},"end":{"line":null,"column":-1}},"22":{"start":{"line":83,"column":8},"end":{"line":89,"column":9}},"23":{"start":{"line":84,"column":12},"end":{"line":null,"column":-1}},"24":{"start":{"line":88,"column":12},"end":{"line":null,"column":-1}},"25":{"start":{"line":91,"column":8},"end":{"line":null,"column":-1}},"26":{"start":{"line":92,"column":8},"end":{"line":null,"column":-1}},"27":{"start":{"line":93,"column":8},"end":{"line":null,"column":-1}},"28":{"start":{"line":13,"column":8},"end":{"line":null,"column":-1}},"29":{"start":{"line":98,"column":34},"end":{"line":98,"column":8}},"30":{"start":{"line":99,"column":8},"end":{"line":103,"column":9}},"31":{"start":{"line":100,"column":12},"end":{"line":null,"column":-1}},"32":{"start":{"line":105,"column":26},"end":{"line":105,"column":8}},"33":{"start":{"line":106,"column":8},"end":{"line":110,"column":9}},"34":{"start":{"line":107,"column":12},"end":{"line":null,"column":-1}},"35":{"start":{"line":112,"column":8},"end":{"line":null,"column":-1}}},"fnMap":{"0":{"name":"(anonymous_1)","decl":{"start":{"line":10,"column":4},"end":{"line":10,"column":15}},"loc":{"start":{"line":10,"column":23},"end":{"line":19,"column":5}}},"1":{"name":"(anonymous_2)","decl":{"start":{"line":22,"column":23},"end":{"line":22,"column":21}},"loc":{"start":{"line":22,"column":33},"end":{"line":10,"column":23}}},"2":{"name":"(anonymous_3)","decl":{"start":{"line":29,"column":23},"end":{"line":29,"column":21}},"loc":{"start":{"line":29,"column":33},"end":{"line":10,"column":23}}},"3":{"name":"(anonymous_4)","decl":{"start":{"line":36,"column":29},"end":{"line":36,"column":27}},"loc":{"start":{"line":36,"column":39},"end":{"line":10,"column":23}}},"4":{"name":"(anonymous_5)","decl":{"start":{"line":43,"column":24},"end":{"line":44,"column":7}},"loc":{"start":{"line":44,"column":8},"end":{"line":10,"column":23}}},"5":{"name":"(anonymous_6)","decl":{"start":{"line":46,"column":13},"end":{"line":46,"column":24}},"loc":{"start":{"line":46,"column":25},"end":{"line":10,"column":23}}},"6":{"name":"(anonymous_7)","decl":{"start":{"line":96,"column":4},"end":{"line":96,"column":12}},"loc":{"start":{"line":96,"column":13},"end":{"line":136,"column":5}}}},"branchMap":{"0":{"loc":{"start":{"line":51,"column":8},"end":{"line":54,"column":9}},"type":"if","locations":[{"start":{"line":51,"column":8},"end":{"line":54,"column":9}},{"start":{"line":51,"column":8},"end":{"line":54,"column":9}}]},"1":{"loc":{"start":{"line":78,"column":8},"end":{"line":81,"column":9}},"type":"if","locations":[{"start":{"line":78,"column":8},"end":{"line":81,"column":9}},{"start":{"line":78,"column":8},"end":{"line":81,"column":9}}]},"2":{"loc":{"start":{"line":83,"column":8},"end":{"line":89,"column":9}},"type":"if","locations":[{"start":{"line":83,"column":8},"end":{"line":89,"column":9}},{"start":{"line":83,"column":8},"end":{"line":89,"column":9}}]},"3":{"loc":{"start":{"line":99,"column":8},"end":{"line":103,"column":9}},"type":"if","locations":[{"start":{"line":99,"column":8},"end":{"line":103,"column":9}},{"start":{"line":99,"column":8},"end":{"line":103,"column":9}}]},"4":{"loc":{"start":{"line":106,"column":8},"end":{"line":110,"column":9}},"type":"if","locations":[{"start":{"line":106,"column":8},"end":{"line":110,"column":9}},{"start":{"line":106,"column":8},"end":{"line":110,"column":9}}]}},"s":{"0":0,"1":0,"2":0,"3":0,"4":0,"5":0,"6":0,"7":0,"8":0,"9":0,"10":0,"11":0,"12":0,"13":0,"14":0,"15":0,"16":0,"17":0,"18":0,"19":0,"20":0,"21":0,"22":0,"23":0,"24":0,"25":0,"26":0,"27":0,"28":0,"29":0,"30":0,"31":0,"32":0,"33":0,"34":0,"35":0},"f":{"0":0,"1":0,"2":0,"3":0,"4":0,"5":0,"6":0},"b":{"0":[0,0],"1":[0,0],"2":[0,0],"3":[0,0],"4":[0,0]}}
,"/Users/olav/Documents/skole/kristiania/4_semester/webutvikling/exam/src/client/layout/footer.jsx": {"path":"/Users/olav/Documents/skole/kristiania/4_semester/webutvikling/exam/src/client/layout/footer.jsx","statementMap":{"0":{"start":{"line":1,"column":0},"end":{"line":null,"column":-1}},"1":{"start":{"line":7,"column":25},"end":{"line":7,"column":8}},"2":{"start":{"line":9,"column":8},"end":{"line":null,"column":-1}},"3":{"start":{"line":21,"column":14},"end":{"line":21,"column":0}}},"fnMap":{"0":{"name":"(anonymous_1)","decl":{"start":{"line":5,"column":4},"end":{"line":5,"column":12}},"loc":{"start":{"line":5,"column":13},"end":{"line":18,"column":5}}}},"branchMap":{"0":{"loc":{"start":{"line":13,"column":20},"end":{"line":12,"column":45}},"type":"cond-expr","locations":[{"start":{"line":13,"column":20},"end":{"line":12,"column":45}},{"start":{"line":14,"column":20},"end":{"line":null,"column":-1}}]}},"s":{"0":0,"1":0,"2":0,"3":0},"f":{"0":0},"b":{"0":[0,0]}}
,"/Users/olav/Documents/skole/kristiania/4_semester/webutvikling/exam/src/client/layout/header.jsx": {"path":"/Users/olav/Documents/skole/kristiania/4_semester/webutvikling/exam/src/client/layout/header.jsx","statementMap":{"0":{"start":{"line":6,"column":0},"end":{"line":null,"column":-1}},"1":{"start":{"line":7,"column":0},"end":{"line":null,"column":-1}},"2":{"start":{"line":13,"column":8},"end":{"line":null,"column":-1}},"3":{"start":{"line":11,"column":23},"end":{"line":null,"column":-1}},"4":{"start":{"line":17,"column":20},"end":{"line":17,"column":8}},"5":{"start":{"line":21,"column":8},"end":{"line":26,"column":9}},"6":{"start":{"line":22,"column":12},"end":{"line":null,"column":-1}},"7":{"start":{"line":24,"column":12},"end":{"line":null,"column":-1}},"8":{"start":{"line":25,"column":12},"end":{"line":null,"column":-1}},"9":{"start":{"line":28,"column":8},"end":{"line":31,"column":9}},"10":{"start":{"line":29,"column":12},"end":{"line":null,"column":-1}},"11":{"start":{"line":30,"column":12},"end":{"line":null,"column":-1}},"12":{"start":{"line":33,"column":8},"end":{"line":null,"column":-1}},"13":{"start":{"line":35,"column":8},"end":{"line":null,"column":-1}},"14":{"start":{"line":40,"column":25},"end":{"line":40,"column":8}},"15":{"start":{"line":43,"column":8},"end":{"line":null,"column":-1}},"16":{"start":{"line":55,"column":14},"end":{"line":55,"column":0}}},"fnMap":{"0":{"name":"(anonymous_1)","decl":{"start":{"line":11,"column":4},"end":{"line":11,"column":15}},"loc":{"start":{"line":11,"column":23},"end":{"line":14,"column":5}}},"1":{"name":"(anonymous_2)","decl":{"start":{"line":16,"column":13},"end":{"line":16,"column":24}},"loc":{"start":{"line":16,"column":25},"end":{"line":11,"column":23}}},"2":{"name":"(anonymous_3)","decl":{"start":{"line":38,"column":4},"end":{"line":38,"column":12}},"loc":{"start":{"line":38,"column":13},"end":{"line":52,"column":5}}}},"branchMap":{"0":{"loc":{"start":{"line":28,"column":8},"end":{"line":31,"column":9}},"type":"if","locations":[{"start":{"line":28,"column":8},"end":{"line":31,"column":9}},{"start":{"line":28,"column":8},"end":{"line":31,"column":9}}]},"1":{"loc":{"start":{"line":43,"column":26},"end":{"line":43,"column":15}},"type":"cond-expr","locations":[{"start":{"line":43,"column":26},"end":{"line":43,"column":15}},{"start":{"line":47,"column":8},"end":{"line":43,"column":8}}]}},"s":{"0":0,"1":0,"2":0,"3":0,"4":0,"5":0,"6":0,"7":0,"8":0,"9":0,"10":0,"11":0,"12":0,"13":0,"14":0,"15":0,"16":0},"f":{"0":0,"1":0,"2":0},"b":{"0":[0,0],"1":[0,0]}}
,"/Users/olav/Documents/skole/kristiania/4_semester/webutvikling/exam/src/client/layout/layout.jsx": {"path":"/Users/olav/Documents/skole/kristiania/4_semester/webutvikling/exam/src/client/layout/layout.jsx","statementMap":{"0":{"start":{"line":1,"column":0},"end":{"line":null,"column":-1}},"1":{"start":{"line":2,"column":0},"end":{"line":null,"column":-1}},"2":{"start":{"line":3,"column":0},"end":{"line":null,"column":-1}},"3":{"start":{"line":9,"column":8},"end":{"line":null,"column":-1}},"4":{"start":{"line":14,"column":8},"end":{"line":null,"column":-1}},"5":{"start":{"line":15,"column":8},"end":{"line":null,"column":-1}}},"fnMap":{"0":{"name":"(anonymous_1)","decl":{"start":{"line":7,"column":4},"end":{"line":7,"column":15}},"loc":{"start":{"line":7,"column":23},"end":{"line":10,"column":5}}},"1":{"name":"(anonymous_2)","decl":{"start":{"line":12,"column":4},"end":{"line":12,"column":12}},"loc":{"start":{"line":12,"column":13},"end":{"line":22,"column":5}}}},"branchMap":{},"s":{"0":0,"1":0,"2":0,"3":0,"4":0,"5":0},"f":{"0":0,"1":0},"b":{}}
,"/Users/olav/Documents/skole/kristiania/4_semester/webutvikling/exam/src/server/app.js": {"path":"/Users/olav/Documents/skole/kristiania/4_semester/webutvikling/exam/src/server/app.js","statementMap":{"0":{"start":{"line":6,"column":16},"end":{"line":6,"column":0}},"1":{"start":{"line":7,"column":19},"end":{"line":7,"column":0}},"2":{"start":{"line":8,"column":16},"end":{"line":8,"column":0}},"3":{"start":{"line":9,"column":13},"end":{"line":9,"column":0}},"4":{"start":{"line":11,"column":36},"end":{"line":11,"column":0}},"5":{"start":{"line":13,"column":16},"end":{"line":13,"column":0}},"6":{"start":{"line":14,"column":16},"end":{"line":14,"column":0}},"7":{"start":{"line":16,"column":12},"end":{"line":16,"column":0}},"8":{"start":{"line":19,"column":0},"end":{"line":null,"column":-1}},"9":{"start":{"line":25,"column":0},"end":{"line":null,"column":-1}},"10":{"start":{"line":33,"column":0},"end":{"line":null,"column":-1}},"11":{"start":{"line":35,"column":0},"end":{"line":null,"column":-1}},"12":{"start":{"line":39,"column":0},"end":{"line":null,"column":-1}},"13":{"start":{"line":40,"column":0},"end":{"line":null,"column":-1}},"14":{"start":{"line":43,"column":0},"end":{"line":null,"column":-1}},"15":{"start":{"line":44,"column":4},"end":{"line":null,"column":-1}},"16":{"start":{"line":49,"column":0},"end":{"line":null,"column":-1}},"17":{"start":{"line":50,"column":4},"end":{"line":null,"column":-1}},"18":{"start":{"line":53,"column":0},"end":{"line":null,"column":-1}}},"fnMap":{"0":{"name":"(anonymous_0)","decl":{"start":{"line":43,"column":17},"end":{"line":43,"column":18}},"loc":{"start":{"line":43,"column":31},"end":{"line":43,"column":0}}},"1":{"name":"(anonymous_1)","decl":{"start":{"line":49,"column":8},"end":{"line":49,"column":9}},"loc":{"start":{"line":49,"column":28},"end":{"line":49,"column":0}}}},"branchMap":{},"s":{"0":0,"1":0,"2":0,"3":0,"4":0,"5":0,"6":0,"7":0,"8":0,"9":0,"10":0,"11":0,"12":0,"13":0,"14":0,"15":0,"16":0,"17":0,"18":0},"f":{"0":0,"1":0},"b":{}}
,"/Users/olav/Documents/skole/kristiania/4_semester/webutvikling/exam/src/server/authentication.js": {"path":"/Users/olav/Documents/skole/kristiania/4_semester/webutvikling/exam/src/server/authentication.js","statementMap":{"0":{"start":{"line":6,"column":22},"end":{"line":6,"column":0}},"1":{"start":{"line":7,"column":17},"end":{"line":7,"column":0}},"2":{"start":{"line":9,"column":14},"end":{"line":9,"column":0}},"3":{"start":{"line":11,"column":0},"end":{"line":null,"column":-1}},"4":{"start":{"line":17,"column":8},"end":{"line":null,"column":-1}},"5":{"start":{"line":19,"column":19},"end":{"line":19,"column":8}},"6":{"start":{"line":21,"column":8},"end":{"line":25,"column":9}},"7":{"start":{"line":22,"column":12},"end":{"line":null,"column":-1}},"8":{"start":{"line":27,"column":21},"end":{"line":27,"column":8}},"9":{"start":{"line":28,"column":8},"end":{"line":null,"column":-1}},"10":{"start":{"line":33,"column":0},"end":{"line":null,"column":-1}},"11":{"start":{"line":34,"column":4},"end":{"line":null,"column":-1}},"12":{"start":{"line":37,"column":0},"end":{"line":null,"column":-1}},"13":{"start":{"line":39,"column":17},"end":{"line":39,"column":4}},"14":{"start":{"line":41,"column":4},"end":{"line":45,"column":5}},"15":{"start":{"line":42,"column":8},"end":{"line":null,"column":-1}},"16":{"start":{"line":44,"column":8},"end":{"line":null,"column":-1}},"17":{"start":{"line":50,"column":33},"end":{"line":50,"column":0}},"18":{"start":{"line":52,"column":4},"end":{"line":null,"column":-1}},"19":{"start":{"line":53,"column":4},"end":{"line":null,"column":-1}},"20":{"start":{"line":56,"column":0},"end":{"line":null,"column":-1}}},"fnMap":{"0":{"name":"(anonymous_0)","decl":{"start":{"line":15,"column":4},"end":{"line":15,"column":13}},"loc":{"start":{"line":15,"column":40},"end":{"line":11,"column":13}}},"1":{"name":"(anonymous_1)","decl":{"start":{"line":33,"column":23},"end":{"line":33,"column":32}},"loc":{"start":{"line":33,"column":45},"end":{"line":33,"column":0}}},"2":{"name":"(anonymous_2)","decl":{"start":{"line":37,"column":25},"end":{"line":37,"column":34}},"loc":{"start":{"line":37,"column":51},"end":{"line":37,"column":0}}},"3":{"name":"(anonymous_3)","decl":{"start":{"line":50,"column":33},"end":{"line":50,"column":31}},"loc":{"start":{"line":50,"column":41},"end":{"line":50,"column":0}}}},"branchMap":{"0":{"loc":{"start":{"line":21,"column":8},"end":{"line":25,"column":9}},"type":"if","locations":[{"start":{"line":21,"column":8},"end":{"line":25,"column":9}},{"start":{"line":21,"column":8},"end":{"line":25,"column":9}}]},"1":{"loc":{"start":{"line":41,"column":4},"end":{"line":45,"column":5}},"type":"if","locations":[{"start":{"line":41,"column":4},"end":{"line":45,"column":5}},{"start":{"line":41,"column":4},"end":{"line":45,"column":5}}]}},"s":{"0":0,"1":0,"2":0,"3":0,"4":0,"5":0,"6":0,"7":0,"8":0,"9":0,"10":0,"11":0,"12":0,"13":0,"14":0,"15":0,"16":0,"17":0,"18":0,"19":0,"20":0},"f":{"0":0,"1":0,"2":0,"3":0},"b":{"0":[0,0],"1":[0,0]}}
,"/Users/olav/Documents/skole/kristiania/4_semester/webutvikling/exam/src/server/server.js": {"path":"/Users/olav/Documents/skole/kristiania/4_semester/webutvikling/exam/src/server/server.js","statementMap":{"0":{"start":{"line":7,"column":16},"end":{"line":7,"column":0}},"1":{"start":{"line":9,"column":13},"end":{"line":9,"column":0}},"2":{"start":{"line":11,"column":0},"end":{"line":null,"column":-1}},"3":{"start":{"line":12,"column":4},"end":{"line":null,"column":-1}}},"fnMap":{"0":{"name":"(anonymous_0)","decl":{"start":{"line":11,"column":17},"end":{"line":11,"column":22}},"loc":{"start":{"line":11,"column":23},"end":{"line":11,"column":0}}}},"branchMap":{"0":{"loc":{"start":{"line":9,"column":13},"end":{"line":9,"column":12}},"type":"binary-expr","locations":[{"start":{"line":9,"column":13},"end":{"line":9,"column":12}},{"start":{"line":9,"column":33},"end":{"line":9,"column":0}}]}},"s":{"0":0,"1":0,"2":0,"3":0},"f":{"0":0},"b":{"0":[0,0]}}
,"/Users/olav/Documents/skole/kristiania/4_semester/webutvikling/exam/src/server/database/database.js": {"path":"/Users/olav/Documents/skole/kristiania/4_semester/webutvikling/exam/src/server/database/database.js","statementMap":{"0":{"start":{"line":1,"column":13},"end":{"line":1,"column":0}},"1":{"start":{"line":2,"column":21},"end":{"line":2,"column":0}},"2":{"start":{"line":3,"column":22},"end":{"line":3,"column":0}},"3":{"start":{"line":5,"column":19},"end":{"line":5,"column":0}},"4":{"start":{"line":7,"column":15},"end":{"line":7,"column":0}},"5":{"start":{"line":9,"column":16},"end":{"line":9,"column":4}},"6":{"start":{"line":10,"column":4},"end":{"line":null,"column":-1}},"7":{"start":{"line":13,"column":16},"end":{"line":13,"column":0}},"8":{"start":{"line":15,"column":16},"end":{"line":15,"column":4}},"9":{"start":{"line":16,"column":17},"end":{"line":16,"column":4}},"10":{"start":{"line":16,"column":36},"end":{"line":16,"column":17}},"11":{"start":{"line":18,"column":4},"end":{"line":null,"column":-1}},"12":{"start":{"line":21,"column":21},"end":{"line":21,"column":0}},"13":{"start":{"line":23,"column":16},"end":{"line":23,"column":4}},"14":{"start":{"line":24,"column":21},"end":{"line":24,"column":4}},"15":{"start":{"line":24,"column":40},"end":{"line":24,"column":21}},"16":{"start":{"line":26,"column":4},"end":{"line":null,"column":-1}},"17":{"start":{"line":29,"column":19},"end":{"line":29,"column":0}},"18":{"start":{"line":31,"column":19},"end":{"line":31,"column":4}},"19":{"start":{"line":32,"column":4},"end":{"line":34,"column":5}},"20":{"start":{"line":33,"column":8},"end":{"line":null,"column":-1}},"21":{"start":{"line":36,"column":4},"end":{"line":null,"column":-1}},"22":{"start":{"line":37,"column":4},"end":{"line":null,"column":-1}},"23":{"start":{"line":40,"column":0},"end":{"line":null,"column":-1}}},"fnMap":{"0":{"name":"(anonymous_0)","decl":{"start":{"line":7,"column":15},"end":{"line":7,"column":26}},"loc":{"start":{"line":7,"column":27},"end":{"line":7,"column":0}}},"1":{"name":"(anonymous_1)","decl":{"start":{"line":13,"column":16},"end":{"line":13,"column":22}},"loc":{"start":{"line":13,"column":30},"end":{"line":13,"column":0}}},"2":{"name":"(anonymous_2)","decl":{"start":{"line":16,"column":28},"end":{"line":16,"column":35}},"loc":{"start":{"line":16,"column":36},"end":{"line":16,"column":17}}},"3":{"name":"(anonymous_3)","decl":{"start":{"line":21,"column":21},"end":{"line":21,"column":27}},"loc":{"start":{"line":21,"column":40},"end":{"line":21,"column":0}}},"4":{"name":"(anonymous_4)","decl":{"start":{"line":24,"column":32},"end":{"line":24,"column":39}},"loc":{"start":{"line":24,"column":40},"end":{"line":24,"column":21}}},"5":{"name":"(anonymous_5)","decl":{"start":{"line":29,"column":19},"end":{"line":29,"column":25}},"loc":{"start":{"line":29,"column":35},"end":{"line":29,"column":0}}}},"branchMap":{"0":{"loc":{"start":{"line":32,"column":4},"end":{"line":34,"column":5}},"type":"if","locations":[{"start":{"line":32,"column":4},"end":{"line":34,"column":5}},{"start":{"line":32,"column":4},"end":{"line":34,"column":5}}]}},"s":{"0":0,"1":0,"2":0,"3":0,"4":0,"5":0,"6":0,"7":0,"8":0,"9":0,"10":0,"11":0,"12":0,"13":0,"14":0,"15":0,"16":0,"17":0,"18":0,"19":0,"20":0,"21":0,"22":0,"23":0},"f":{"0":0,"1":0,"2":0,"3":0,"4":0,"5":0},"b":{"0":[0,0]}}
,"/Users/olav/Documents/skole/kristiania/4_semester/webutvikling/exam/src/server/database/users.js": {"path":"/Users/olav/Documents/skole/kristiania/4_semester/webutvikling/exam/src/server/database/users.js","statementMap":{"0":{"start":{"line":3,"column":17},"end":{"line":3,"column":0}},"1":{"start":{"line":6,"column":17},"end":{"line":6,"column":0}},"2":{"start":{"line":8,"column":4},"end":{"line":null,"column":-1}},"3":{"start":{"line":11,"column":19},"end":{"line":11,"column":0}},"4":{"start":{"line":13,"column":17},"end":{"line":13,"column":4}},"5":{"start":{"line":14,"column":4},"end":{"line":14,"column":15}},"6":{"start":{"line":14,"column":15},"end":{"line":null,"column":-1}},"7":{"start":{"line":15,"column":4},"end":{"line":null,"column":-1}},"8":{"start":{"line":18,"column":19},"end":{"line":18,"column":0}},"9":{"start":{"line":20,"column":19},"end":{"line":20,"column":4}},"10":{"start":{"line":22,"column":4},"end":{"line":24,"column":5}},"11":{"start":{"line":23,"column":8},"end":{"line":null,"column":-1}},"12":{"start":{"line":26,"column":17},"end":{"line":26,"column":4}},"13":{"start":{"line":32,"column":4},"end":{"line":null,"column":-1}},"14":{"start":{"line":33,"column":4},"end":{"line":null,"column":-1}},"15":{"start":{"line":36,"column":0},"end":{"line":null,"column":-1}}},"fnMap":{"0":{"name":"(anonymous_0)","decl":{"start":{"line":6,"column":17},"end":{"line":6,"column":15}},"loc":{"start":{"line":6,"column":30},"end":{"line":6,"column":0}}},"1":{"name":"(anonymous_1)","decl":{"start":{"line":11,"column":19},"end":{"line":11,"column":20}},"loc":{"start":{"line":11,"column":43},"end":{"line":11,"column":0}}},"2":{"name":"(anonymous_2)","decl":{"start":{"line":18,"column":19},"end":{"line":18,"column":20}},"loc":{"start":{"line":18,"column":43},"end":{"line":18,"column":0}}}},"branchMap":{"0":{"loc":{"start":{"line":14,"column":4},"end":{"line":14,"column":15}},"type":"if","locations":[{"start":{"line":14,"column":4},"end":{"line":14,"column":15}},{"start":{"line":14,"column":4},"end":{"line":14,"column":15}}]},"1":{"loc":{"start":{"line":22,"column":4},"end":{"line":24,"column":5}},"type":"if","locations":[{"start":{"line":22,"column":4},"end":{"line":24,"column":5}},{"start":{"line":22,"column":4},"end":{"line":24,"column":5}}]}},"s":{"0":0,"1":0,"2":0,"3":0,"4":0,"5":0,"6":0,"7":0,"8":0,"9":0,"10":0,"11":0,"12":0,"13":0,"14":0,"15":0},"f":{"0":0,"1":0,"2":0},"b":{"0":[0,0],"1":[0,0]}}
,"/Users/olav/Documents/skole/kristiania/4_semester/webutvikling/exam/src/server/routes/auth-api.js": {"path":"/Users/olav/Documents/skole/kristiania/4_semester/webutvikling/exam/src/server/routes/auth-api.js","statementMap":{"0":{"start":{"line":7,"column":16},"end":{"line":7,"column":0}},"1":{"start":{"line":8,"column":17},"end":{"line":8,"column":0}},"2":{"start":{"line":9,"column":14},"end":{"line":9,"column":0}},"3":{"start":{"line":11,"column":15},"end":{"line":11,"column":0}},"4":{"start":{"line":13,"column":0},"end":{"line":null,"column":-1}},"5":{"start":{"line":15,"column":4},"end":{"line":null,"column":-1}},"6":{"start":{"line":18,"column":0},"end":{"line":null,"column":-1}},"7":{"start":{"line":20,"column":20},"end":{"line":20,"column":4}},"8":{"start":{"line":22,"column":4},"end":{"line":26,"column":5}},"9":{"start":{"line":24,"column":8},"end":{"line":null,"column":-1}},"10":{"start":{"line":25,"column":8},"end":{"line":null,"column":-1}},"11":{"start":{"line":28,"column":4},"end":{"line":null,"column":-1}},"12":{"start":{"line":29,"column":8},"end":{"line":null,"column":-1}},"13":{"start":{"line":30,"column":12},"end":{"line":35,"column":13}},"14":{"start":{"line":32,"column":16},"end":{"line":null,"column":-1}},"15":{"start":{"line":34,"column":16},"end":{"line":null,"column":-1}},"16":{"start":{"line":40,"column":0},"end":{"line":null,"column":-1}},"17":{"start":{"line":42,"column":4},"end":{"line":null,"column":-1}},"18":{"start":{"line":43,"column":4},"end":{"line":null,"column":-1}},"19":{"start":{"line":51,"column":0},"end":{"line":null,"column":-1}},"20":{"start":{"line":53,"column":4},"end":{"line":56,"column":5}},"21":{"start":{"line":54,"column":8},"end":{"line":null,"column":-1}},"22":{"start":{"line":55,"column":8},"end":{"line":null,"column":-1}},"23":{"start":{"line":58,"column":4},"end":{"line":null,"column":-1}},"24":{"start":{"line":65,"column":0},"end":{"line":null,"column":-1}}},"fnMap":{"0":{"name":"(anonymous_0)","decl":{"start":{"line":13,"column":54},"end":{"line":13,"column":55}},"loc":{"start":{"line":13,"column":68},"end":{"line":13,"column":0}}},"1":{"name":"(anonymous_1)","decl":{"start":{"line":18,"column":23},"end":{"line":18,"column":32}},"loc":{"start":{"line":18,"column":43},"end":{"line":18,"column":0}}},"2":{"name":"(anonymous_2)","decl":{"start":{"line":28,"column":45},"end":{"line":28,"column":50}},"loc":{"start":{"line":28,"column":51},"end":{"line":28,"column":4}}},"3":{"name":"(anonymous_3)","decl":{"start":{"line":29,"column":26},"end":{"line":29,"column":24}},"loc":{"start":{"line":29,"column":34},"end":{"line":29,"column":8}}},"4":{"name":"(anonymous_4)","decl":{"start":{"line":40,"column":23},"end":{"line":40,"column":32}},"loc":{"start":{"line":40,"column":43},"end":{"line":40,"column":0}}},"5":{"name":"(anonymous_5)","decl":{"start":{"line":51,"column":20},"end":{"line":51,"column":29}},"loc":{"start":{"line":51,"column":40},"end":{"line":51,"column":0}}}},"branchMap":{"0":{"loc":{"start":{"line":22,"column":4},"end":{"line":26,"column":5}},"type":"if","locations":[{"start":{"line":22,"column":4},"end":{"line":26,"column":5}},{"start":{"line":22,"column":4},"end":{"line":26,"column":5}}]},"1":{"loc":{"start":{"line":30,"column":12},"end":{"line":35,"column":13}},"type":"if","locations":[{"start":{"line":30,"column":12},"end":{"line":35,"column":13}},{"start":{"line":30,"column":12},"end":{"line":35,"column":13}}]},"2":{"loc":{"start":{"line":53,"column":4},"end":{"line":56,"column":5}},"type":"if","locations":[{"start":{"line":53,"column":4},"end":{"line":56,"column":5}},{"start":{"line":53,"column":4},"end":{"line":56,"column":5}}]}},"s":{"0":0,"1":0,"2":0,"3":0,"4":0,"5":0,"6":0,"7":0,"8":0,"9":0,"10":0,"11":0,"12":0,"13":0,"14":0,"15":0,"16":0,"17":0,"18":0,"19":0,"20":0,"21":0,"22":0,"23":0,"24":0},"f":{"0":0,"1":0,"2":0,"3":0,"4":0,"5":0},"b":{"0":[0,0],"1":[0,0],"2":[0,0]}}
,"/Users/olav/Documents/skole/kristiania/4_semester/webutvikling/exam/src/server/routes/data-api.js": {"path":"/Users/olav/Documents/skole/kristiania/4_semester/webutvikling/exam/src/server/routes/data-api.js","statementMap":{"0":{"start":{"line":1,"column":16},"end":{"line":1,"column":0}},"1":{"start":{"line":2,"column":17},"end":{"line":2,"column":0}},"2":{"start":{"line":3,"column":15},"end":{"line":3,"column":0}},"3":{"start":{"line":5,"column":0},"end":{"line":null,"column":-1}},"4":{"start":{"line":7,"column":17},"end":{"line":7,"column":4}},"5":{"start":{"line":8,"column":4},"end":{"line":null,"column":-1}},"6":{"start":{"line":11,"column":0},"end":{"line":null,"column":-1}},"7":{"start":{"line":13,"column":17},"end":{"line":13,"column":4}},"8":{"start":{"line":14,"column":21},"end":{"line":14,"column":4}},"9":{"start":{"line":15,"column":8},"end":{"line":14,"column":21}},"10":{"start":{"line":18,"column":4},"end":{"line":21,"column":5}},"11":{"start":{"line":19,"column":8},"end":{"line":null,"column":-1}},"12":{"start":{"line":20,"column":8},"end":{"line":null,"column":-1}},"13":{"start":{"line":23,"column":20},"end":{"line":23,"column":4}},"14":{"start":{"line":24,"column":4},"end":{"line":null,"column":-1}},"15":{"start":{"line":27,"column":0},"end":{"line":null,"column":-1}}},"fnMap":{"0":{"name":"(anonymous_0)","decl":{"start":{"line":5,"column":20},"end":{"line":5,"column":26}},"loc":{"start":{"line":5,"column":40},"end":{"line":5,"column":0}}},"1":{"name":"(anonymous_1)","decl":{"start":{"line":11,"column":24},"end":{"line":11,"column":30}},"loc":{"start":{"line":11,"column":44},"end":{"line":11,"column":0}}},"2":{"name":"(anonymous_2)","decl":{"start":{"line":14,"column":33},"end":{"line":15,"column":7}},"loc":{"start":{"line":15,"column":8},"end":{"line":14,"column":21}}}},"branchMap":{"0":{"loc":{"start":{"line":18,"column":4},"end":{"line":21,"column":5}},"type":"if","locations":[{"start":{"line":18,"column":4},"end":{"line":21,"column":5}},{"start":{"line":18,"column":4},"end":{"line":21,"column":5}}]}},"s":{"0":0,"1":0,"2":0,"3":0,"4":0,"5":0,"6":0,"7":0,"8":0,"9":0,"10":0,"11":0,"12":0,"13":0,"14":0,"15":0},"f":{"0":0,"1":0,"2":0},"b":{"0":[0,0]}}
}
