TN:
SF:/Users/olav/Documents/skole/kristiania/4_semester/webutvikling/exam/src/client/data.jsx
FN:5,(anonymous_1)
FN:13,(anonymous_2)
FN:17,(anonymous_3)
FN:27,(anonymous_4)
FN:28,(anonymous_5)
FN:36,(anonymous_6)
FNF:6
FNH:0
FNDA:0,(anonymous_1)
FNDA:0,(anonymous_2)
FNDA:0,(anonymous_3)
FNDA:0,(anonymous_4)
FNDA:0,(anonymous_5)
FNDA:0,(anonymous_6)
DA:1,0
DA:5,0
DA:7,0
DA:8,0
DA:14,0
DA:19,0
DA:20,0
DA:22,0
DA:28,0
DA:29,0
DA:37,0
LF:11
LH:0
BRDA:32,0,0,0
BRDA:32,0,1,0
BRF:2
BRH:0
end_of_record
TN:
SF:/Users/olav/Documents/skole/kristiania/4_semester/webutvikling/exam/src/client/home.jsx
FN:6,(anonymous_0)
FN:10,(anonymous_1)
FNF:2
FNH:2
FNDA:2,(anonymous_0)
FNDA:2,(anonymous_1)
DA:7,2
DA:12,2
DA:14,2
LF:3
LH:3
BRDA:16,0,0,2
BRDA:16,0,1,0
BRF:2
BRH:1
end_of_record
TN:
SF:/Users/olav/Documents/skole/kristiania/4_semester/webutvikling/exam/src/client/index.jsx
FN:21,(anonymous_2)
FN:50,(anonymous_3)
FN:40,(anonymous_7)
FNF:3
FNH:0
FNDA:0,(anonymous_2)
FNDA:0,(anonymous_3)
FNDA:0,(anonymous_7)
DA:7,0
DA:8,0
DA:9,0
DA:11,0
DA:12,0
DA:13,0
DA:14,0
DA:15,0
DA:16,0
DA:21,0
DA:22,0
DA:24,0
DA:32,0
DA:39,0
DA:41,0
DA:52,0
DA:69,0
LF:17
LH:0
BRF:0
BRH:0
end_of_record
TN:
SF:/Users/olav/Documents/skole/kristiania/4_semester/webutvikling/exam/src/client/notFound.jsx
FN:7,(anonymous_1)
FNF:1
FNH:0
FNDA:0,(anonymous_1)
DA:1,0
DA:2,0
DA:3,0
DA:8,0
LF:4
LH:0
BRF:0
BRH:0
end_of_record
TN:
SF:/Users/olav/Documents/skole/kristiania/4_semester/webutvikling/exam/src/client/authentication/login.jsx
FN:10,(anonymous_1)
FN:20,(anonymous_2)
FN:27,(anonymous_3)
FN:34,(anonymous_4)
FN:74,(anonymous_5)
FNF:5
FNH:0
FNDA:0,(anonymous_1)
FNDA:0,(anonymous_2)
FNDA:0,(anonymous_3)
FNDA:0,(anonymous_4)
FNDA:0,(anonymous_5)
DA:6,0
DA:10,0
DA:12,0
DA:13,0
DA:22,0
DA:29,0
DA:36,0
DA:37,0
DA:39,0
DA:43,0
DA:44,0
DA:52,0
DA:53,0
DA:56,0
DA:57,0
DA:58,0
DA:61,0
DA:62,0
DA:66,0
DA:69,0
DA:70,0
DA:71,0
DA:76,0
DA:77,0
DA:78,0
DA:83,0
LF:26
LH:0
BRDA:56,0,0,0
BRDA:56,0,1,0
BRDA:61,1,0,0
BRDA:61,1,1,0
BRDA:77,2,0,0
BRDA:77,2,1,0
BRF:6
BRH:0
end_of_record
TN:
SF:/Users/olav/Documents/skole/kristiania/4_semester/webutvikling/exam/src/client/authentication/signup.jsx
FN:10,(anonymous_1)
FN:22,(anonymous_2)
FN:29,(anonymous_3)
FN:36,(anonymous_4)
FN:43,(anonymous_5)
FN:46,(anonymous_6)
FN:96,(anonymous_7)
FNF:7
FNH:0
FNDA:0,(anonymous_1)
FNDA:0,(anonymous_2)
FNDA:0,(anonymous_3)
FNDA:0,(anonymous_4)
FNDA:0,(anonymous_5)
FNDA:0,(anonymous_6)
FNDA:0,(anonymous_7)
DA:6,0
DA:10,0
DA:12,0
DA:13,0
DA:24,0
DA:31,0
DA:38,0
DA:44,0
DA:48,0
DA:50,0
DA:51,0
DA:52,0
DA:53,0
DA:56,0
DA:57,0
DA:61,0
DA:62,0
DA:70,0
DA:73,0
DA:74,0
DA:78,0
DA:79,0
DA:80,0
DA:83,0
DA:84,0
DA:88,0
DA:91,0
DA:92,0
DA:93,0
DA:98,0
DA:99,0
DA:100,0
DA:105,0
DA:106,0
DA:107,0
DA:112,0
LF:36
LH:0
BRDA:51,0,0,0
BRDA:51,0,1,0
BRDA:78,1,0,0
BRDA:78,1,1,0
BRDA:83,2,0,0
BRDA:83,2,1,0
BRDA:99,3,0,0
BRDA:99,3,1,0
BRDA:106,4,0,0
BRDA:106,4,1,0
BRF:10
BRH:0
end_of_record
TN:
SF:/Users/olav/Documents/skole/kristiania/4_semester/webutvikling/exam/src/client/layout/footer.jsx
FN:5,(anonymous_1)
FNF:1
FNH:0
FNDA:0,(anonymous_1)
DA:1,0
DA:7,0
DA:9,0
DA:21,0
LF:4
LH:0
BRDA:13,0,0,0
BRDA:13,0,1,0
BRF:2
BRH:0
end_of_record
TN:
SF:/Users/olav/Documents/skole/kristiania/4_semester/webutvikling/exam/src/client/layout/header.jsx
FN:11,(anonymous_1)
FN:16,(anonymous_2)
FN:38,(anonymous_3)
FNF:3
FNH:0
FNDA:0,(anonymous_1)
FNDA:0,(anonymous_2)
FNDA:0,(anonymous_3)
DA:6,0
DA:7,0
DA:11,0
DA:13,0
DA:17,0
DA:21,0
DA:22,0
DA:24,0
DA:25,0
DA:28,0
DA:29,0
DA:30,0
DA:33,0
DA:35,0
DA:40,0
DA:43,0
DA:55,0
LF:17
LH:0
BRDA:28,0,0,0
BRDA:28,0,1,0
BRDA:43,1,0,0
BRDA:43,1,1,0
BRF:4
BRH:0
end_of_record
TN:
SF:/Users/olav/Documents/skole/kristiania/4_semester/webutvikling/exam/src/client/layout/layout.jsx
FN:7,(anonymous_1)
FN:12,(anonymous_2)
FNF:2
FNH:0
FNDA:0,(anonymous_1)
FNDA:0,(anonymous_2)
DA:1,0
DA:2,0
DA:3,0
DA:9,0
DA:14,0
DA:15,0
LF:6
LH:0
BRF:0
BRH:0
end_of_record
TN:
SF:/Users/olav/Documents/skole/kristiania/4_semester/webutvikling/exam/src/server/app.js
FN:43,(anonymous_0)
FN:49,(anonymous_1)
FNF:2
FNH:0
FNDA:0,(anonymous_0)
FNDA:0,(anonymous_1)
DA:6,0
DA:7,0
DA:8,0
DA:9,0
DA:11,0
DA:13,0
DA:14,0
DA:16,0
DA:19,0
DA:25,0
DA:33,0
DA:35,0
DA:39,0
DA:40,0
DA:43,0
DA:44,0
DA:49,0
DA:50,0
DA:53,0
LF:19
LH:0
BRF:0
BRH:0
end_of_record
TN:
SF:/Users/olav/Documents/skole/kristiania/4_semester/webutvikling/exam/src/server/authentication.js
FN:15,(anonymous_0)
FN:33,(anonymous_1)
FN:37,(anonymous_2)
FN:50,(anonymous_3)
FNF:4
FNH:0
FNDA:0,(anonymous_0)
FNDA:0,(anonymous_1)
FNDA:0,(anonymous_2)
FNDA:0,(anonymous_3)
DA:6,0
DA:7,0
DA:9,0
DA:11,0
DA:17,0
DA:19,0
DA:21,0
DA:22,0
DA:27,0
DA:28,0
DA:33,0
DA:34,0
DA:37,0
DA:39,0
DA:41,0
DA:42,0
DA:44,0
DA:50,0
DA:52,0
DA:53,0
DA:56,0
LF:21
LH:0
BRDA:21,0,0,0
BRDA:21,0,1,0
BRDA:41,1,0,0
BRDA:41,1,1,0
BRF:4
BRH:0
end_of_record
TN:
SF:/Users/olav/Documents/skole/kristiania/4_semester/webutvikling/exam/src/server/server.js
FN:11,(anonymous_0)
FNF:1
FNH:0
FNDA:0,(anonymous_0)
DA:7,0
DA:9,0
DA:11,0
DA:12,0
LF:4
LH:0
BRDA:9,0,0,0
BRDA:9,0,1,0
BRF:2
BRH:0
end_of_record
TN:
SF:/Users/olav/Documents/skole/kristiania/4_semester/webutvikling/exam/src/server/database/database.js
FN:7,(anonymous_0)
FN:13,(anonymous_1)
FN:16,(anonymous_2)
FN:21,(anonymous_3)
FN:24,(anonymous_4)
FN:29,(anonymous_5)
FNF:6
FNH:0
FNDA:0,(anonymous_0)
FNDA:0,(anonymous_1)
FNDA:0,(anonymous_2)
FNDA:0,(anonymous_3)
FNDA:0,(anonymous_4)
FNDA:0,(anonymous_5)
DA:1,0
DA:2,0
DA:3,0
DA:5,0
DA:7,0
DA:9,0
DA:10,0
DA:13,0
DA:15,0
DA:16,0
DA:18,0
DA:21,0
DA:23,0
DA:24,0
DA:26,0
DA:29,0
DA:31,0
DA:32,0
DA:33,0
DA:36,0
DA:37,0
DA:40,0
LF:22
LH:0
BRDA:32,0,0,0
BRDA:32,0,1,0
BRF:2
BRH:0
end_of_record
TN:
SF:/Users/olav/Documents/skole/kristiania/4_semester/webutvikling/exam/src/server/database/users.js
FN:6,(anonymous_0)
FN:11,(anonymous_1)
FN:18,(anonymous_2)
FNF:3
FNH:0
FNDA:0,(anonymous_0)
FNDA:0,(anonymous_1)
FNDA:0,(anonymous_2)
DA:3,0
DA:6,0
DA:8,0
DA:11,0
DA:13,0
DA:14,0
DA:15,0
DA:18,0
DA:20,0
DA:22,0
DA:23,0
DA:26,0
DA:32,0
DA:33,0
DA:36,0
LF:15
LH:0
BRDA:14,0,0,0
BRDA:14,0,1,0
BRDA:22,1,0,0
BRDA:22,1,1,0
BRF:4
BRH:0
end_of_record
TN:
SF:/Users/olav/Documents/skole/kristiania/4_semester/webutvikling/exam/src/server/routes/auth-api.js
FN:13,(anonymous_0)
FN:18,(anonymous_1)
FN:28,(anonymous_2)
FN:29,(anonymous_3)
FN:40,(anonymous_4)
FN:51,(anonymous_5)
FNF:6
FNH:0
FNDA:0,(anonymous_0)
FNDA:0,(anonymous_1)
FNDA:0,(anonymous_2)
FNDA:0,(anonymous_3)
FNDA:0,(anonymous_4)
FNDA:0,(anonymous_5)
DA:7,0
DA:8,0
DA:9,0
DA:11,0
DA:13,0
DA:15,0
DA:18,0
DA:20,0
DA:22,0
DA:24,0
DA:25,0
DA:28,0
DA:29,0
DA:30,0
DA:32,0
DA:34,0
DA:40,0
DA:42,0
DA:43,0
DA:51,0
DA:53,0
DA:54,0
DA:55,0
DA:58,0
DA:65,0
LF:25
LH:0
BRDA:22,0,0,0
BRDA:22,0,1,0
BRDA:30,1,0,0
BRDA:30,1,1,0
BRDA:53,2,0,0
BRDA:53,2,1,0
BRF:6
BRH:0
end_of_record
TN:
SF:/Users/olav/Documents/skole/kristiania/4_semester/webutvikling/exam/src/server/routes/data-api.js
FN:5,(anonymous_0)
FN:11,(anonymous_1)
FN:14,(anonymous_2)
FNF:3
FNH:0
FNDA:0,(anonymous_0)
FNDA:0,(anonymous_1)
FNDA:0,(anonymous_2)
DA:1,0
DA:2,0
DA:3,0
DA:5,0
DA:7,0
DA:8,0
DA:11,0
DA:13,0
DA:14,0
DA:15,0
DA:18,0
DA:19,0
DA:20,0
DA:23,0
DA:24,0
DA:27,0
LF:16
LH:0
BRDA:18,0,0,0
BRDA:18,0,1,0
BRF:2
BRH:0
end_of_record
